<?xml version="1.0" encoding="UTF-8"?>
<!-- Generated by org.testng.reporters.JUnitReportReporter -->
<testsuite hostname="DESKTOP-R4J9CF0" failures="0" tests="1" name="com.practice.jenkings.Test3" time="22.935" errors="0" timestamp="2023-02-06T12:03:57 IST" skipped="0">
  <testcase classname="com.practice.jenkings.Test3" name="teste3" time="22.935"/>
  <system-out/>
</testsuite> <!-- com.practice.jenkings.Test3 -->
