<?xml version="1.0" encoding="UTF-8"?>
<!-- Generated by org.testng.reporters.JUnitReportReporter -->
<testsuite hostname="DESKTOP-R4J9CF0" failures="0" tests="1" name="com.practice.jenkings.Test1" time="180.710" errors="0" timestamp="2023-02-06T11:12:10 IST" skipped="0">
  <testcase classname="com.practice.jenkings.Test1" name="test1" time="180.710"/>
  <system-out/>
</testsuite> <!-- com.practice.jenkings.Test1 -->
