<?xml version="1.0" encoding="UTF-8"?>
<!-- Generated by org.testng.reporters.JUnitReportReporter -->
<testsuite hostname="DESKTOP-R4J9CF0" failures="0" tests="2" name="com.practice.jenkings.MYTest" time="4.480" errors="0" timestamp="2023-02-16T17:55:19 IST" skipped="1">
  <testcase classname="com.practice.jenkings.MYTest" name="js" time="4.480"/>
  <system-out/>
  <testcase classname="com.practice.jenkings.MYTest" name="test">
    <skipped/>
  </testcase> <!-- test -->
  <system-out/>
</testsuite> <!-- com.practice.jenkings.MYTest -->
